Removed Pin From Net: NetName=+3.3V Pin=BSL_RX-A
Removed Pin From Net: NetName=+3.3V Pin=BSL_TX-A
Removed Pin From Net: NetName=ESP_UART2_RX Pin=COMM-1
Removed Pin From Net: NetName=MSP_UART0_BSL_TX Pin=COMM-2
Removed Pin From Net: NetName=ESP_UART2_TX Pin=COMM-3
Removed Pin From Net: NetName=MSP_UART0_BSL_RX Pin=COMM-4
Removed Pin From Net: NetName=+5V Pin=COMM-5
Removed Pin From Net: NetName=+3.3V Pin=COMM-6
Removed Pin From Net: NetName=R_SET/Res_ESP_1 Pin=COMM-7
Removed Pin From Net: NetName=TEST Pin=COMM-8
Removed Pin From Net: NetName=R_RESET/Res_ESP_2 Pin=COMM-9
Removed Pin From Net: NetName=RST Pin=COMM-10
Removed Pin From Net: NetName=Res_ESP_4 Pin=COMM-11
Removed Pin From Net: NetName=GND Pin=COMM-12
Removed Pin From Net: NetName=ESP_UART0_RX Pin=COMM-13
Removed Pin From Net: NetName=Res_MSP_1 Pin=COMM-14
Removed Pin From Net: NetName=ESP_UART0_TX Pin=COMM-15
Removed Pin From Net: NetName=Res_ESP_3 Pin=COMM-16
Removed Pin From Net: NetName=GND Pin=R6-1
Removed Pin From Net: NetName=EN Pin=R7-2
Removed Pin From Net: NetName=GND Pin=R8-1
Removed Pin From Net: NetName=GND Pin=R9-1
Removed Pin From Net: NetName=GND Pin=R10-1
Removed Pin From Net: NetName=RST Pin=R11-2
Removed Pin From Net: NetName=MSP_UART0_BSL_TX Pin=R12-2
Removed Pin From Net: NetName=MSP_UART0_BSL_RX Pin=R13-2
Removed Pin From Net: NetName=ESP_UART2_TX Pin=R17-2
Removed Pin From Net: NetName=ESP_UART2_RX Pin=R18-2
Removed Pin From Net: NetName=R_SET/Res_ESP_1 Pin=RE1-A
Removed Pin From Net: NetName=R_RESET/Res_ESP_2 Pin=RE2-A
Removed Pin From Net: NetName=Res_ESP_3 Pin=RE3-A
Removed Pin From Net: NetName=+3.3V Pin=RSTE-A
Removed Pin From Net: NetName=+3.3V Pin=RSTM-A
Removed Pin From Net: NetName=+3.3V Pin=RX2E-A
Removed Pin From Net: NetName=TEST Pin=TESTM-A
Removed Pin From Net: NetName=+3.3V Pin=TX2E-A
Removed Member From Class: ClassName=Control_board Member=BSL_RX
Removed Member From Class: ClassName=Control_board Member=BSL_TX
Removed Member From Class: ClassName=Control_board Member=COMM
Removed Member From Class: ClassName=Control_board Member=R6
Removed Member From Class: ClassName=Control_board Member=R7
Removed Member From Class: ClassName=Control_board Member=R8
Removed Member From Class: ClassName=Control_board Member=R9
Removed Member From Class: ClassName=Control_board Member=R10
Removed Member From Class: ClassName=Control_board Member=R11
Removed Member From Class: ClassName=Control_board Member=R12
Removed Member From Class: ClassName=Control_board Member=R13
Removed Member From Class: ClassName=Control_board Member=R17
Removed Member From Class: ClassName=Control_board Member=R18
Removed Member From Class: ClassName=Control_board Member=RE1
Removed Member From Class: ClassName=Control_board Member=RE2
Removed Member From Class: ClassName=Control_board Member=RE3
Removed Member From Class: ClassName=Control_board Member=RSTE
Removed Member From Class: ClassName=Control_board Member=RSTM
Removed Member From Class: ClassName=Control_board Member=RX2E
Removed Member From Class: ClassName=Control_board Member=TESTM
Removed Member From Class: ClassName=Control_board Member=TX2E
